<?xml version="1.0" encoding="UTF-8"?>
<!-- Generated by org.testng.reporters.JUnitXMLReporter -->
<testsuite hostname="EPBYMINW2898" ignored="0" name="CalculatorTest" tests="36" failures="0" timestamp="07 Jun 2017 14:34:15 GMT" time="0.068" errors="0">
  <testcase name="testNegSqrt" time="0.002" classname="com.atm.xunit.hometask.runner.CalculatorTest"/>
  <testcase name="testNegSqrt" time="0.0" classname="com.atm.xunit.hometask.runner.CalculatorTest"/>
  <testcase name="testNegSqrt" time="0.0" classname="com.atm.xunit.hometask.runner.CalculatorTest"/>
  <testcase name="testCosine" time="0.006" classname="com.atm.xunit.hometask.runner.CalculatorTest"/>
  <testcase name="testCosine" time="0.001" classname="com.atm.xunit.hometask.runner.CalculatorTest"/>
  <testcase name="testCosine" time="0.0" classname="com.atm.xunit.hometask.runner.CalculatorTest"/>
  <testcase name="testNegSub" time="0.0" classname="com.atm.xunit.hometask.runner.CalculatorTest"/>
  <testcase name="testNegSub" time="0.0" classname="com.atm.xunit.hometask.runner.CalculatorTest"/>
  <testcase name="testNegSub" time="0.0" classname="com.atm.xunit.hometask.runner.CalculatorTest"/>
  <testcase name="testDiv" time="0.001" classname="com.atm.xunit.hometask.runner.CalculatorTest"/>
  <testcase name="testAdd" time="0.0" classname="com.atm.xunit.hometask.runner.CalculatorTest"/>
  <testcase name="testAdd" time="0.0" classname="com.atm.xunit.hometask.runner.CalculatorTest"/>
  <testcase name="testDiv" time="0.001" classname="com.atm.xunit.hometask.runner.CalculatorTest"/>
  <testcase name="testDiv" time="0.0" classname="com.atm.xunit.hometask.runner.CalculatorTest"/>
  <testcase name="testAdd" time="0.0" classname="com.atm.xunit.hometask.runner.CalculatorTest"/>
  <testcase name="testMul" time="0.0" classname="com.atm.xunit.hometask.runner.CalculatorTest"/>
  <testcase name="testNegAdd" time="0.0" classname="com.atm.xunit.hometask.runner.CalculatorTest"/>
  <testcase name="testMul" time="0.0" classname="com.atm.xunit.hometask.runner.CalculatorTest"/>
  <testcase name="testMul" time="0.0" classname="com.atm.xunit.hometask.runner.CalculatorTest"/>
  <testcase name="testNegAdd" time="0.0" classname="com.atm.xunit.hometask.runner.CalculatorTest"/>
  <testcase name="testNegAdd" time="0.0" classname="com.atm.xunit.hometask.runner.CalculatorTest"/>
  <testcase name="testNegDiv" time="0.0" classname="com.atm.xunit.hometask.runner.CalculatorTest"/>
  <testcase name="testNegMul" time="0.0" classname="com.atm.xunit.hometask.runner.CalculatorTest"/>
  <testcase name="testNegDiv" time="0.0" classname="com.atm.xunit.hometask.runner.CalculatorTest"/>
  <testcase name="testNegMul" time="0.001" classname="com.atm.xunit.hometask.runner.CalculatorTest"/>
  <testcase name="testNegDiv" time="0.0" classname="com.atm.xunit.hometask.runner.CalculatorTest"/>
  <testcase name="testNegMul" time="0.0" classname="com.atm.xunit.hometask.runner.CalculatorTest"/>
  <testcase name="testSqrt" time="0.0" classname="com.atm.xunit.hometask.runner.CalculatorTest"/>
  <testcase name="testSub" time="0.0" classname="com.atm.xunit.hometask.runner.CalculatorTest"/>
  <testcase name="testSqrt" time="0.0" classname="com.atm.xunit.hometask.runner.CalculatorTest"/>
  <testcase name="testSub" time="0.0" classname="com.atm.xunit.hometask.runner.CalculatorTest"/>
  <testcase name="testSqrt" time="0.0" classname="com.atm.xunit.hometask.runner.CalculatorTest"/>
  <testcase name="testSub" time="0.0" classname="com.atm.xunit.hometask.runner.CalculatorTest"/>
  <testcase name="testTangent" time="0.0" classname="com.atm.xunit.hometask.runner.CalculatorTest"/>
  <testcase name="testTangent" time="0.0" classname="com.atm.xunit.hometask.runner.CalculatorTest"/>
  <testcase name="testTangent" time="0.001" classname="com.atm.xunit.hometask.runner.CalculatorTest"/>
</testsuite> <!-- CalculatorTest -->
