<?xml version="1.0" encoding="UTF-8"?>
<testng-results skipped="0" failed="1" ignored="0" total="37" passed="36">
  <reporter-output>
  </reporter-output>
  <suite name="Default suite" duration-ms="311" started-at="2017-06-07T14:38:07Z" finished-at="2017-06-07T14:38:07Z">
    <groups>
      <group name="negative">
        <method signature="CalculatorTest.testNegSub(long, long, long)[pri:0, instance:com.atm.xunit.hometask.runner.CalculatorTest@5bcab519]" name="testNegSub" class="com.atm.xunit.hometask.runner.CalculatorTest"/>
        <method signature="CalculatorTest.testNegAdd(long, long, long)[pri:0, instance:com.atm.xunit.hometask.runner.CalculatorTest@5bcab519]" name="testNegAdd" class="com.atm.xunit.hometask.runner.CalculatorTest"/>
        <method signature="CalculatorTest.testNegDiv(double, double, double)[pri:0, instance:com.atm.xunit.hometask.runner.CalculatorTest@5bcab519]" name="testNegDiv" class="com.atm.xunit.hometask.runner.CalculatorTest"/>
        <method signature="CalculatorTest.testNegMul(long, long, long)[pri:0, instance:com.atm.xunit.hometask.runner.CalculatorTest@5bcab519]" name="testNegMul" class="com.atm.xunit.hometask.runner.CalculatorTest"/>
        <method signature="CalculatorTest.testNegSqrt(double, double)[pri:0, instance:com.atm.xunit.hometask.runner.CalculatorTest@5bcab519]" name="testNegSqrt" class="com.atm.xunit.hometask.runner.CalculatorTest"/>
        <method signature="CalculatorTest.testTangens()[pri:0, instance:com.atm.xunit.hometask.runner.CalculatorTest@5bcab519]" name="testTangens" class="com.atm.xunit.hometask.runner.CalculatorTest"/>
      </group> <!-- negative -->
      <group name="tangent">
        <method signature="CalculatorTest.testTangent(double, double)[pri:0, instance:com.atm.xunit.hometask.runner.CalculatorTest@5bcab519]" name="testTangent" class="com.atm.xunit.hometask.runner.CalculatorTest"/>
      </group> <!-- tangent -->
      <group name="cosine">
        <method signature="CalculatorTest.testCosine(double, double)[pri:0, instance:com.atm.xunit.hometask.runner.CalculatorTest@5bcab519]" name="testCosine" class="com.atm.xunit.hometask.runner.CalculatorTest"/>
      </group> <!-- cosine -->
      <group name="positive">
        <method signature="CalculatorTest.testAdd(long, long, long)[pri:0, instance:com.atm.xunit.hometask.runner.CalculatorTest@5bcab519]" name="testAdd" class="com.atm.xunit.hometask.runner.CalculatorTest"/>
        <method signature="CalculatorTest.testDiv(double, double, double)[pri:0, instance:com.atm.xunit.hometask.runner.CalculatorTest@5bcab519]" name="testDiv" class="com.atm.xunit.hometask.runner.CalculatorTest"/>
        <method signature="CalculatorTest.testMul(long, long, long)[pri:0, instance:com.atm.xunit.hometask.runner.CalculatorTest@5bcab519]" name="testMul" class="com.atm.xunit.hometask.runner.CalculatorTest"/>
        <method signature="CalculatorTest.testSqrt(double, double)[pri:0, instance:com.atm.xunit.hometask.runner.CalculatorTest@5bcab519]" name="testSqrt" class="com.atm.xunit.hometask.runner.CalculatorTest"/>
        <method signature="CalculatorTest.testSub(long, long, long)[pri:0, instance:com.atm.xunit.hometask.runner.CalculatorTest@5bcab519]" name="testSub" class="com.atm.xunit.hometask.runner.CalculatorTest"/>
      </group> <!-- positive -->
    </groups>
    <test name="Default test" duration-ms="311" started-at="2017-06-07T14:38:07Z" finished-at="2017-06-07T14:38:07Z">
      <class name="com.atm.xunit.hometask.runner.CalculatorTest">
        <test-method status="PASS" signature="setUp()[pri:0, instance:com.atm.xunit.hometask.runner.CalculatorTest@5bcab519]" name="setUp" is-config="true" duration-ms="11" started-at="2017-06-07T17:38:07Z" finished-at="2017-06-07T17:38:07Z">
          <reporter-output>
          </reporter-output>
        </test-method> <!-- setUp -->
        <test-method status="PASS" signature="testCosine(double, double)[pri:0, instance:com.atm.xunit.hometask.runner.CalculatorTest@5bcab519]" name="testCosine" duration-ms="14" started-at="2017-06-07T17:38:07Z" data-provider="cosine" finished-at="2017-06-07T17:38:07Z">
          <params>
            <param index="0">
              <value>
                <![CDATA[0]]>
              </value>
            </param>
            <param index="1">
              <value>
                <![CDATA[1]]>
              </value>
            </param>
          </params>
          <reporter-output>
          </reporter-output>
        </test-method> <!-- testCosine -->
        <test-method status="PASS" signature="testCosine(double, double)[pri:0, instance:com.atm.xunit.hometask.runner.CalculatorTest@5bcab519]" name="testCosine" duration-ms="5" started-at="2017-06-07T17:38:07Z" data-provider="cosine" finished-at="2017-06-07T17:38:07Z">
          <params>
            <param index="0">
              <value>
                <![CDATA[45]]>
              </value>
            </param>
            <param index="1">
              <value>
                <![CDATA[0.70710678118]]>
              </value>
            </param>
          </params>
          <reporter-output>
          </reporter-output>
        </test-method> <!-- testCosine -->
        <test-method status="PASS" signature="testCosine(double, double)[pri:0, instance:com.atm.xunit.hometask.runner.CalculatorTest@5bcab519]" name="testCosine" duration-ms="3" started-at="2017-06-07T17:38:07Z" data-provider="cosine" finished-at="2017-06-07T17:38:07Z">
          <params>
            <param index="0">
              <value>
                <![CDATA[90]]>
              </value>
            </param>
            <param index="1">
              <value>
                <![CDATA[0]]>
              </value>
            </param>
          </params>
          <reporter-output>
          </reporter-output>
        </test-method> <!-- testCosine -->
        <test-method status="PASS" signature="testNegSub(long, long, long)[pri:0, instance:com.atm.xunit.hometask.runner.CalculatorTest@5bcab519]" name="testNegSub" duration-ms="1" started-at="2017-06-07T17:38:07Z" data-provider="subNegInput" finished-at="2017-06-07T17:38:07Z">
          <params>
            <param index="0">
              <value>
                <![CDATA[2]]>
              </value>
            </param>
            <param index="1">
              <value>
                <![CDATA[2]]>
              </value>
            </param>
            <param index="2">
              <value>
                <![CDATA[1]]>
              </value>
            </param>
          </params>
          <reporter-output>
          </reporter-output>
        </test-method> <!-- testNegSub -->
        <test-method status="PASS" signature="testNegSub(long, long, long)[pri:0, instance:com.atm.xunit.hometask.runner.CalculatorTest@5bcab519]" name="testNegSub" duration-ms="2" started-at="2017-06-07T17:38:07Z" data-provider="subNegInput" finished-at="2017-06-07T17:38:07Z">
          <params>
            <param index="0">
              <value>
                <![CDATA[2]]>
              </value>
            </param>
            <param index="1">
              <value>
                <![CDATA[3]]>
              </value>
            </param>
            <param index="2">
              <value>
                <![CDATA[1]]>
              </value>
            </param>
          </params>
          <reporter-output>
          </reporter-output>
        </test-method> <!-- testNegSub -->
        <test-method status="PASS" signature="testNegSub(long, long, long)[pri:0, instance:com.atm.xunit.hometask.runner.CalculatorTest@5bcab519]" name="testNegSub" duration-ms="2" started-at="2017-06-07T17:38:07Z" data-provider="subNegInput" finished-at="2017-06-07T17:38:07Z">
          <params>
            <param index="0">
              <value>
                <![CDATA[15]]>
              </value>
            </param>
            <param index="1">
              <value>
                <![CDATA[3]]>
              </value>
            </param>
            <param index="2">
              <value>
                <![CDATA[9]]>
              </value>
            </param>
          </params>
          <reporter-output>
          </reporter-output>
        </test-method> <!-- testNegSub -->
        <test-method status="PASS" signature="testAdd(long, long, long)[pri:0, instance:com.atm.xunit.hometask.runner.CalculatorTest@5bcab519]" name="testAdd" duration-ms="2" started-at="2017-06-07T17:38:07Z" data-provider="addInput" finished-at="2017-06-07T17:38:07Z">
          <params>
            <param index="0">
              <value>
                <![CDATA[2]]>
              </value>
            </param>
            <param index="1">
              <value>
                <![CDATA[2]]>
              </value>
            </param>
            <param index="2">
              <value>
                <![CDATA[4]]>
              </value>
            </param>
          </params>
          <reporter-output>
          </reporter-output>
        </test-method> <!-- testAdd -->
        <test-method status="PASS" signature="testAdd(long, long, long)[pri:0, instance:com.atm.xunit.hometask.runner.CalculatorTest@5bcab519]" name="testAdd" duration-ms="3" started-at="2017-06-07T17:38:07Z" data-provider="addInput" finished-at="2017-06-07T17:38:07Z">
          <params>
            <param index="0">
              <value>
                <![CDATA[2]]>
              </value>
            </param>
            <param index="1">
              <value>
                <![CDATA[3]]>
              </value>
            </param>
            <param index="2">
              <value>
                <![CDATA[5]]>
              </value>
            </param>
          </params>
          <reporter-output>
          </reporter-output>
        </test-method> <!-- testAdd -->
        <test-method status="PASS" signature="testAdd(long, long, long)[pri:0, instance:com.atm.xunit.hometask.runner.CalculatorTest@5bcab519]" name="testAdd" duration-ms="3" started-at="2017-06-07T17:38:07Z" data-provider="addInput" finished-at="2017-06-07T17:38:07Z">
          <params>
            <param index="0">
              <value>
                <![CDATA[5]]>
              </value>
            </param>
            <param index="1">
              <value>
                <![CDATA[3]]>
              </value>
            </param>
            <param index="2">
              <value>
                <![CDATA[8]]>
              </value>
            </param>
          </params>
          <reporter-output>
          </reporter-output>
        </test-method> <!-- testAdd -->
        <test-method status="PASS" signature="testDiv(double, double, double)[pri:0, instance:com.atm.xunit.hometask.runner.CalculatorTest@5bcab519]" name="testDiv" duration-ms="3" started-at="2017-06-07T17:38:07Z" data-provider="divideInput" finished-at="2017-06-07T17:38:07Z">
          <params>
            <param index="0">
              <value>
                <![CDATA[4]]>
              </value>
            </param>
            <param index="1">
              <value>
                <![CDATA[2]]>
              </value>
            </param>
            <param index="2">
              <value>
                <![CDATA[2]]>
              </value>
            </param>
          </params>
          <reporter-output>
          </reporter-output>
        </test-method> <!-- testDiv -->
        <test-method status="PASS" signature="testDiv(double, double, double)[pri:0, instance:com.atm.xunit.hometask.runner.CalculatorTest@5bcab519]" name="testDiv" duration-ms="3" started-at="2017-06-07T17:38:07Z" data-provider="divideInput" finished-at="2017-06-07T17:38:07Z">
          <params>
            <param index="0">
              <value>
                <![CDATA[6]]>
              </value>
            </param>
            <param index="1">
              <value>
                <![CDATA[3]]>
              </value>
            </param>
            <param index="2">
              <value>
                <![CDATA[2]]>
              </value>
            </param>
          </params>
          <reporter-output>
          </reporter-output>
        </test-method> <!-- testDiv -->
        <test-method status="PASS" signature="testDiv(double, double, double)[pri:0, instance:com.atm.xunit.hometask.runner.CalculatorTest@5bcab519]" name="testDiv" duration-ms="4" started-at="2017-06-07T17:38:07Z" data-provider="divideInput" finished-at="2017-06-07T17:38:07Z">
          <params>
            <param index="0">
              <value>
                <![CDATA[15]]>
              </value>
            </param>
            <param index="1">
              <value>
                <![CDATA[3]]>
              </value>
            </param>
            <param index="2">
              <value>
                <![CDATA[5]]>
              </value>
            </param>
          </params>
          <reporter-output>
          </reporter-output>
        </test-method> <!-- testDiv -->
        <test-method status="PASS" signature="testMul(long, long, long)[pri:0, instance:com.atm.xunit.hometask.runner.CalculatorTest@5bcab519]" name="testMul" duration-ms="3" started-at="2017-06-07T17:38:07Z" data-provider="mulInput" finished-at="2017-06-07T17:38:07Z">
          <params>
            <param index="0">
              <value>
                <![CDATA[4]]>
              </value>
            </param>
            <param index="1">
              <value>
                <![CDATA[2]]>
              </value>
            </param>
            <param index="2">
              <value>
                <![CDATA[8]]>
              </value>
            </param>
          </params>
          <reporter-output>
          </reporter-output>
        </test-method> <!-- testMul -->
        <test-method status="PASS" signature="testMul(long, long, long)[pri:0, instance:com.atm.xunit.hometask.runner.CalculatorTest@5bcab519]" name="testMul" duration-ms="9" started-at="2017-06-07T17:38:07Z" data-provider="mulInput" finished-at="2017-06-07T17:38:07Z">
          <params>
            <param index="0">
              <value>
                <![CDATA[5]]>
              </value>
            </param>
            <param index="1">
              <value>
                <![CDATA[3]]>
              </value>
            </param>
            <param index="2">
              <value>
                <![CDATA[15]]>
              </value>
            </param>
          </params>
          <reporter-output>
          </reporter-output>
        </test-method> <!-- testMul -->
        <test-method status="PASS" signature="testMul(long, long, long)[pri:0, instance:com.atm.xunit.hometask.runner.CalculatorTest@5bcab519]" name="testMul" duration-ms="2" started-at="2017-06-07T17:38:07Z" data-provider="mulInput" finished-at="2017-06-07T17:38:07Z">
          <params>
            <param index="0">
              <value>
                <![CDATA[6]]>
              </value>
            </param>
            <param index="1">
              <value>
                <![CDATA[3]]>
              </value>
            </param>
            <param index="2">
              <value>
                <![CDATA[18]]>
              </value>
            </param>
          </params>
          <reporter-output>
          </reporter-output>
        </test-method> <!-- testMul -->
        <test-method status="PASS" signature="testNegAdd(long, long, long)[pri:0, instance:com.atm.xunit.hometask.runner.CalculatorTest@5bcab519]" name="testNegAdd" duration-ms="5" started-at="2017-06-07T17:38:07Z" data-provider="addNegInput" finished-at="2017-06-07T17:38:07Z">
          <params>
            <param index="0">
              <value>
                <![CDATA[2]]>
              </value>
            </param>
            <param index="1">
              <value>
                <![CDATA[2]]>
              </value>
            </param>
            <param index="2">
              <value>
                <![CDATA[5]]>
              </value>
            </param>
          </params>
          <reporter-output>
          </reporter-output>
        </test-method> <!-- testNegAdd -->
        <test-method status="PASS" signature="testNegAdd(long, long, long)[pri:0, instance:com.atm.xunit.hometask.runner.CalculatorTest@5bcab519]" name="testNegAdd" duration-ms="2" started-at="2017-06-07T17:38:07Z" data-provider="addNegInput" finished-at="2017-06-07T17:38:07Z">
          <params>
            <param index="0">
              <value>
                <![CDATA[2]]>
              </value>
            </param>
            <param index="1">
              <value>
                <![CDATA[3]]>
              </value>
            </param>
            <param index="2">
              <value>
                <![CDATA[6]]>
              </value>
            </param>
          </params>
          <reporter-output>
          </reporter-output>
        </test-method> <!-- testNegAdd -->
        <test-method status="PASS" signature="testNegAdd(long, long, long)[pri:0, instance:com.atm.xunit.hometask.runner.CalculatorTest@5bcab519]" name="testNegAdd" duration-ms="1" started-at="2017-06-07T17:38:07Z" data-provider="addNegInput" finished-at="2017-06-07T17:38:07Z">
          <params>
            <param index="0">
              <value>
                <![CDATA[5]]>
              </value>
            </param>
            <param index="1">
              <value>
                <![CDATA[3]]>
              </value>
            </param>
            <param index="2">
              <value>
                <![CDATA[9]]>
              </value>
            </param>
          </params>
          <reporter-output>
          </reporter-output>
        </test-method> <!-- testNegAdd -->
        <test-method status="PASS" signature="testNegDiv(double, double, double)[pri:0, instance:com.atm.xunit.hometask.runner.CalculatorTest@5bcab519]" name="testNegDiv" duration-ms="2" started-at="2017-06-07T17:38:07Z" data-provider="divNegInput" finished-at="2017-06-07T17:38:07Z">
          <params>
            <param index="0">
              <value>
                <![CDATA[2]]>
              </value>
            </param>
            <param index="1">
              <value>
                <![CDATA[2]]>
              </value>
            </param>
            <param index="2">
              <value>
                <![CDATA[4]]>
              </value>
            </param>
          </params>
          <reporter-output>
          </reporter-output>
        </test-method> <!-- testNegDiv -->
        <test-method status="PASS" signature="testNegDiv(double, double, double)[pri:0, instance:com.atm.xunit.hometask.runner.CalculatorTest@5bcab519]" name="testNegDiv" duration-ms="1" started-at="2017-06-07T17:38:07Z" data-provider="divNegInput" finished-at="2017-06-07T17:38:07Z">
          <params>
            <param index="0">
              <value>
                <![CDATA[2]]>
              </value>
            </param>
            <param index="1">
              <value>
                <![CDATA[3]]>
              </value>
            </param>
            <param index="2">
              <value>
                <![CDATA[11]]>
              </value>
            </param>
          </params>
          <reporter-output>
          </reporter-output>
        </test-method> <!-- testNegDiv -->
        <test-method status="PASS" signature="testNegDiv(double, double, double)[pri:0, instance:com.atm.xunit.hometask.runner.CalculatorTest@5bcab519]" name="testNegDiv" duration-ms="1" started-at="2017-06-07T17:38:07Z" data-provider="divNegInput" finished-at="2017-06-07T17:38:07Z">
          <params>
            <param index="0">
              <value>
                <![CDATA[15]]>
              </value>
            </param>
            <param index="1">
              <value>
                <![CDATA[3]]>
              </value>
            </param>
            <param index="2">
              <value>
                <![CDATA[19]]>
              </value>
            </param>
          </params>
          <reporter-output>
          </reporter-output>
        </test-method> <!-- testNegDiv -->
        <test-method status="PASS" signature="testNegMul(long, long, long)[pri:0, instance:com.atm.xunit.hometask.runner.CalculatorTest@5bcab519]" name="testNegMul" duration-ms="8" started-at="2017-06-07T17:38:07Z" data-provider="mulNegInput" finished-at="2017-06-07T17:38:07Z">
          <params>
            <param index="0">
              <value>
                <![CDATA[2]]>
              </value>
            </param>
            <param index="1">
              <value>
                <![CDATA[2]]>
              </value>
            </param>
            <param index="2">
              <value>
                <![CDATA[41]]>
              </value>
            </param>
          </params>
          <reporter-output>
          </reporter-output>
        </test-method> <!-- testNegMul -->
        <test-method status="PASS" signature="testNegMul(long, long, long)[pri:0, instance:com.atm.xunit.hometask.runner.CalculatorTest@5bcab519]" name="testNegMul" duration-ms="1" started-at="2017-06-07T17:38:07Z" data-provider="mulNegInput" finished-at="2017-06-07T17:38:07Z">
          <params>
            <param index="0">
              <value>
                <![CDATA[12]]>
              </value>
            </param>
            <param index="1">
              <value>
                <![CDATA[3]]>
              </value>
            </param>
            <param index="2">
              <value>
                <![CDATA[111]]>
              </value>
            </param>
          </params>
          <reporter-output>
          </reporter-output>
        </test-method> <!-- testNegMul -->
        <test-method status="PASS" signature="testNegMul(long, long, long)[pri:0, instance:com.atm.xunit.hometask.runner.CalculatorTest@5bcab519]" name="testNegMul" duration-ms="3" started-at="2017-06-07T17:38:07Z" data-provider="mulNegInput" finished-at="2017-06-07T17:38:07Z">
          <params>
            <param index="0">
              <value>
                <![CDATA[115]]>
              </value>
            </param>
            <param index="1">
              <value>
                <![CDATA[3]]>
              </value>
            </param>
            <param index="2">
              <value>
                <![CDATA[91]]>
              </value>
            </param>
          </params>
          <reporter-output>
          </reporter-output>
        </test-method> <!-- testNegMul -->
        <test-method status="PASS" signature="testNegSqrt(double, double)[pri:0, instance:com.atm.xunit.hometask.runner.CalculatorTest@5bcab519]" name="testNegSqrt" duration-ms="1" started-at="2017-06-07T17:38:07Z" data-provider="sqrtNegInput" finished-at="2017-06-07T17:38:07Z">
          <params>
            <param index="0">
              <value>
                <![CDATA[-4]]>
              </value>
            </param>
            <param index="1">
              <value>
                <![CDATA[12]]>
              </value>
            </param>
          </params>
          <reporter-output>
          </reporter-output>
        </test-method> <!-- testNegSqrt -->
        <test-method status="PASS" signature="testNegSqrt(double, double)[pri:0, instance:com.atm.xunit.hometask.runner.CalculatorTest@5bcab519]" name="testNegSqrt" duration-ms="2" started-at="2017-06-07T17:38:07Z" data-provider="sqrtNegInput" finished-at="2017-06-07T17:38:07Z">
          <params>
            <param index="0">
              <value>
                <![CDATA[-16]]>
              </value>
            </param>
            <param index="1">
              <value>
                <![CDATA[45]]>
              </value>
            </param>
          </params>
          <reporter-output>
          </reporter-output>
        </test-method> <!-- testNegSqrt -->
        <test-method status="PASS" signature="testNegSqrt(double, double)[pri:0, instance:com.atm.xunit.hometask.runner.CalculatorTest@5bcab519]" name="testNegSqrt" duration-ms="4" started-at="2017-06-07T17:38:07Z" data-provider="sqrtNegInput" finished-at="2017-06-07T17:38:07Z">
          <params>
            <param index="0">
              <value>
                <![CDATA[-181]]>
              </value>
            </param>
            <param index="1">
              <value>
                <![CDATA[97]]>
              </value>
            </param>
          </params>
          <reporter-output>
          </reporter-output>
        </test-method> <!-- testNegSqrt -->
        <test-method status="PASS" signature="testSqrt(double, double)[pri:0, instance:com.atm.xunit.hometask.runner.CalculatorTest@5bcab519]" name="testSqrt" duration-ms="3" started-at="2017-06-07T17:38:07Z" data-provider="sqrtInput" finished-at="2017-06-07T17:38:07Z">
          <params>
            <param index="0">
              <value>
                <![CDATA[4]]>
              </value>
            </param>
            <param index="1">
              <value>
                <![CDATA[2]]>
              </value>
            </param>
          </params>
          <reporter-output>
          </reporter-output>
        </test-method> <!-- testSqrt -->
        <test-method status="PASS" signature="testSqrt(double, double)[pri:0, instance:com.atm.xunit.hometask.runner.CalculatorTest@5bcab519]" name="testSqrt" duration-ms="3" started-at="2017-06-07T17:38:07Z" data-provider="sqrtInput" finished-at="2017-06-07T17:38:07Z">
          <params>
            <param index="0">
              <value>
                <![CDATA[16]]>
              </value>
            </param>
            <param index="1">
              <value>
                <![CDATA[4]]>
              </value>
            </param>
          </params>
          <reporter-output>
          </reporter-output>
        </test-method> <!-- testSqrt -->
        <test-method status="PASS" signature="testSqrt(double, double)[pri:0, instance:com.atm.xunit.hometask.runner.CalculatorTest@5bcab519]" name="testSqrt" duration-ms="3" started-at="2017-06-07T17:38:07Z" data-provider="sqrtInput" finished-at="2017-06-07T17:38:07Z">
          <params>
            <param index="0">
              <value>
                <![CDATA[81]]>
              </value>
            </param>
            <param index="1">
              <value>
                <![CDATA[9]]>
              </value>
            </param>
          </params>
          <reporter-output>
          </reporter-output>
        </test-method> <!-- testSqrt -->
        <test-method status="PASS" signature="testSub(long, long, long)[pri:0, instance:com.atm.xunit.hometask.runner.CalculatorTest@5bcab519]" name="testSub" duration-ms="1" started-at="2017-06-07T17:38:07Z" data-provider="subInput" finished-at="2017-06-07T17:38:07Z">
          <params>
            <param index="0">
              <value>
                <![CDATA[4]]>
              </value>
            </param>
            <param index="1">
              <value>
                <![CDATA[2]]>
              </value>
            </param>
            <param index="2">
              <value>
                <![CDATA[2]]>
              </value>
            </param>
          </params>
          <reporter-output>
          </reporter-output>
        </test-method> <!-- testSub -->
        <test-method status="PASS" signature="testSub(long, long, long)[pri:0, instance:com.atm.xunit.hometask.runner.CalculatorTest@5bcab519]" name="testSub" duration-ms="3" started-at="2017-06-07T17:38:07Z" data-provider="subInput" finished-at="2017-06-07T17:38:07Z">
          <params>
            <param index="0">
              <value>
                <![CDATA[5]]>
              </value>
            </param>
            <param index="1">
              <value>
                <![CDATA[3]]>
              </value>
            </param>
            <param index="2">
              <value>
                <![CDATA[2]]>
              </value>
            </param>
          </params>
          <reporter-output>
          </reporter-output>
        </test-method> <!-- testSub -->
        <test-method status="PASS" signature="testSub(long, long, long)[pri:0, instance:com.atm.xunit.hometask.runner.CalculatorTest@5bcab519]" name="testSub" duration-ms="2" started-at="2017-06-07T17:38:07Z" data-provider="subInput" finished-at="2017-06-07T17:38:07Z">
          <params>
            <param index="0">
              <value>
                <![CDATA[6]]>
              </value>
            </param>
            <param index="1">
              <value>
                <![CDATA[3]]>
              </value>
            </param>
            <param index="2">
              <value>
                <![CDATA[3]]>
              </value>
            </param>
          </params>
          <reporter-output>
          </reporter-output>
        </test-method> <!-- testSub -->
        <test-method status="FAIL" signature="testTangens()[pri:0, instance:com.atm.xunit.hometask.runner.CalculatorTest@5bcab519]" name="testTangens" duration-ms="3" started-at="2017-06-07T17:38:07Z" finished-at="2017-06-07T17:38:07Z">
          <exception class="java.lang.AssertionError">
            <message>
              <![CDATA[expected [1.6197751905438615] but found [1.0]]]>
            </message>
            <full-stacktrace>
              <![CDATA[java.lang.AssertionError: expected [1.6197751905438615] but found [1.0]
	at org.testng.Assert.fail(Assert.java:94)
	at org.testng.Assert.failNotEquals(Assert.java:513)
	at org.testng.Assert.assertEqualsImpl(Assert.java:135)
	at org.testng.Assert.assertEquals(Assert.java:116)
	at org.testng.Assert.assertEquals(Assert.java:179)
	at com.atm.xunit.hometask.runner.CalculatorTest.testTangens(CalculatorTest.java:115)
	at sun.reflect.NativeMethodAccessorImpl.invoke0(Native Method)
	at sun.reflect.NativeMethodAccessorImpl.invoke(Unknown Source)
	at sun.reflect.DelegatingMethodAccessorImpl.invoke(Unknown Source)
	at java.lang.reflect.Method.invoke(Unknown Source)
	at org.testng.internal.MethodInvocationHelper.invokeMethod(MethodInvocationHelper.java:104)
	at org.testng.internal.Invoker.invokeMethod(Invoker.java:645)
	at org.testng.internal.Invoker.invokeTestMethod(Invoker.java:851)
	at org.testng.internal.Invoker.invokeTestMethods(Invoker.java:1177)
	at org.testng.internal.TestMethodWorker.invokeTestMethods(TestMethodWorker.java:129)
	at org.testng.internal.TestMethodWorker.run(TestMethodWorker.java:112)
	at org.testng.TestRunner.privateRun(TestRunner.java:756)
	at org.testng.TestRunner.run(TestRunner.java:610)
	at org.testng.SuiteRunner.runTest(SuiteRunner.java:387)
	at org.testng.SuiteRunner.runSequentially(SuiteRunner.java:382)
	at org.testng.SuiteRunner.privateRun(SuiteRunner.java:340)
	at org.testng.SuiteRunner.run(SuiteRunner.java:289)
	at org.testng.SuiteRunnerWorker.runSuite(SuiteRunnerWorker.java:52)
	at org.testng.SuiteRunnerWorker.run(SuiteRunnerWorker.java:86)
	at org.testng.TestNG.runSuitesSequentially(TestNG.java:1293)
	at org.testng.TestNG.runSuitesLocally(TestNG.java:1218)
	at org.testng.TestNG.runSuites(TestNG.java:1133)
	at org.testng.TestNG.run(TestNG.java:1104)
	at org.testng.remote.AbstractRemoteTestNG.run(AbstractRemoteTestNG.java:132)
	at org.testng.remote.RemoteTestNG.initAndRun(RemoteTestNG.java:230)
	at org.testng.remote.RemoteTestNG.main(RemoteTestNG.java:76)
]]>
            </full-stacktrace>
          </exception> <!-- java.lang.AssertionError -->
          <reporter-output>
          </reporter-output>
        </test-method> <!-- testTangens -->
        <test-method status="PASS" signature="testTangent(double, double)[pri:0, instance:com.atm.xunit.hometask.runner.CalculatorTest@5bcab519]" name="testTangent" duration-ms="1" depends-on-groups="cosine" started-at="2017-06-07T17:38:07Z" data-provider="tangent" finished-at="2017-06-07T17:38:07Z">
          <params>
            <param index="0">
              <value>
                <![CDATA[0]]>
              </value>
            </param>
            <param index="1">
              <value>
                <![CDATA[0]]>
              </value>
            </param>
          </params>
          <reporter-output>
          </reporter-output>
        </test-method> <!-- testTangent -->
        <test-method status="PASS" signature="testTangent(double, double)[pri:0, instance:com.atm.xunit.hometask.runner.CalculatorTest@5bcab519]" name="testTangent" duration-ms="0" depends-on-groups="cosine" started-at="2017-06-07T17:38:07Z" data-provider="tangent" finished-at="2017-06-07T17:38:07Z">
          <params>
            <param index="0">
              <value>
                <![CDATA[45]]>
              </value>
            </param>
            <param index="1">
              <value>
                <![CDATA[1]]>
              </value>
            </param>
          </params>
          <reporter-output>
          </reporter-output>
        </test-method> <!-- testTangent -->
        <test-method status="PASS" signature="testTangent(double, double)[pri:0, instance:com.atm.xunit.hometask.runner.CalculatorTest@5bcab519]" name="testTangent" duration-ms="2" depends-on-groups="cosine" started-at="2017-06-07T17:38:07Z" data-provider="tangent" finished-at="2017-06-07T17:38:07Z">
          <params>
            <param index="0">
              <value>
                <![CDATA[60]]>
              </value>
            </param>
            <param index="1">
              <value>
                <![CDATA[1.73205080757]]>
              </value>
            </param>
          </params>
          <reporter-output>
          </reporter-output>
        </test-method> <!-- testTangent -->
        <test-method status="PASS" signature="tearDown()[pri:0, instance:com.atm.xunit.hometask.runner.CalculatorTest@5bcab519]" name="tearDown" is-config="true" duration-ms="0" started-at="2017-06-07T17:38:07Z" finished-at="2017-06-07T17:38:07Z">
          <reporter-output>
          </reporter-output>
        </test-method> <!-- tearDown -->
      </class> <!-- com.atm.xunit.hometask.runner.CalculatorTest -->
    </test> <!-- Default test -->
  </suite> <!-- Default suite -->
</testng-results>
