<?xml version="1.0" encoding="UTF-8"?>
<testng-results skipped="0" failed="2" ignored="2" total="34" passed="30">
  <reporter-output>
  </reporter-output>
  <suite name="Suite1" duration-ms="95" started-at="2017-06-13T12:48:19Z" finished-at="2017-06-13T12:48:19Z">
    <groups>
      <group name="negative">
        <method signature="CalculatorTest.testNegSub(long, long, long)[pri:0, instance:com.atm.xunit.hometask.runner.CalculatorTest@6fd02e5]" name="testNegSub" class="com.atm.xunit.hometask.runner.CalculatorTest"/>
        <method signature="CalculatorTest.testCosine()[pri:0, instance:com.atm.xunit.hometask.runner.CalculatorTest@6fd02e5]" name="testCosine" class="com.atm.xunit.hometask.runner.CalculatorTest"/>
        <method signature="CalculatorTest.testNegAdd(long, long, long)[pri:0, instance:com.atm.xunit.hometask.runner.CalculatorTest@6fd02e5]" name="testNegAdd" class="com.atm.xunit.hometask.runner.CalculatorTest"/>
        <method signature="CalculatorTest.testNegMul(long, long, long)[pri:0, instance:com.atm.xunit.hometask.runner.CalculatorTest@6fd02e5]" name="testNegMul" class="com.atm.xunit.hometask.runner.CalculatorTest"/>
        <method signature="CalculatorTest.testNegSqrt(double, double)[pri:0, instance:com.atm.xunit.hometask.runner.CalculatorTest@6fd02e5]" name="testNegSqrt" class="com.atm.xunit.hometask.runner.CalculatorTest"/>
        <method signature="CalculatorTest.testTangens()[pri:0, instance:com.atm.xunit.hometask.runner.CalculatorTest@6fd02e5]" name="testTangens" class="com.atm.xunit.hometask.runner.CalculatorTest"/>
      </group> <!-- negative -->
      <group name="tangent">
        <method signature="CalculatorTest.testTangent(double, double)[pri:0, instance:com.atm.xunit.hometask.runner.CalculatorTest@6fd02e5]" name="testTangent" class="com.atm.xunit.hometask.runner.CalculatorTest"/>
      </group> <!-- tangent -->
      <group name="cosine">
        <method signature="CalculatorTest.testCosine(double, double)[pri:0, instance:com.atm.xunit.hometask.runner.CalculatorTest@6fd02e5]" name="testCosine" class="com.atm.xunit.hometask.runner.CalculatorTest"/>
      </group> <!-- cosine -->
      <group name="positive">
        <method signature="CalculatorTest.testAdd(long, long, long)[pri:0, instance:com.atm.xunit.hometask.runner.CalculatorTest@6fd02e5]" name="testAdd" class="com.atm.xunit.hometask.runner.CalculatorTest"/>
        <method signature="CalculatorTest.testDiv(double, double, double)[pri:0, instance:com.atm.xunit.hometask.runner.CalculatorTest@6fd02e5]" name="testDiv" class="com.atm.xunit.hometask.runner.CalculatorTest"/>
        <method signature="CalculatorTest.testMul(long, long, long)[pri:0, instance:com.atm.xunit.hometask.runner.CalculatorTest@6fd02e5]" name="testMul" class="com.atm.xunit.hometask.runner.CalculatorTest"/>
        <method signature="CalculatorTest.testSub(long, long, long)[pri:0, instance:com.atm.xunit.hometask.runner.CalculatorTest@6fd02e5]" name="testSub" class="com.atm.xunit.hometask.runner.CalculatorTest"/>
      </group> <!-- positive -->
    </groups>
    <test name="CalculatorTest" duration-ms="95" started-at="2017-06-13T12:48:19Z" finished-at="2017-06-13T12:48:19Z">
      <class name="com.atm.xunit.hometask.runner.CalculatorTest">
        <test-method status="PASS" signature="setUp()[pri:0, instance:com.atm.xunit.hometask.runner.CalculatorTest@6fd02e5]" name="setUp" is-config="true" duration-ms="8" started-at="2017-06-13T18:18:19Z" finished-at="2017-06-13T18:18:19Z">
          <reporter-output>
          </reporter-output>
        </test-method> <!-- setUp -->
        <test-method status="PASS" signature="testNegSub(long, long, long)[pri:0, instance:com.atm.xunit.hometask.runner.CalculatorTest@6fd02e5]" name="testNegSub" duration-ms="5" started-at="2017-06-13T18:18:19Z" data-provider="subNegInput" finished-at="2017-06-13T18:18:19Z">
          <params>
            <param index="0">
              <value>
                <![CDATA[2]]>
              </value>
            </param>
            <param index="1">
              <value>
                <![CDATA[2]]>
              </value>
            </param>
            <param index="2">
              <value>
                <![CDATA[1]]>
              </value>
            </param>
          </params>
          <reporter-output>
          </reporter-output>
        </test-method> <!-- testNegSub -->
        <test-method status="PASS" signature="testCosine(double, double)[pri:0, instance:com.atm.xunit.hometask.runner.CalculatorTest@6fd02e5]" name="testCosine" duration-ms="5" started-at="2017-06-13T18:18:19Z" data-provider="cosine" finished-at="2017-06-13T18:18:19Z">
          <params>
            <param index="0">
              <value>
                <![CDATA[0]]>
              </value>
            </param>
            <param index="1">
              <value>
                <![CDATA[1]]>
              </value>
            </param>
          </params>
          <reporter-output>
          </reporter-output>
        </test-method> <!-- testCosine -->
        <test-method status="PASS" signature="testNegSub(long, long, long)[pri:0, instance:com.atm.xunit.hometask.runner.CalculatorTest@6fd02e5]" name="testNegSub" duration-ms="0" started-at="2017-06-13T18:18:19Z" data-provider="subNegInput" finished-at="2017-06-13T18:18:19Z">
          <params>
            <param index="0">
              <value>
                <![CDATA[2]]>
              </value>
            </param>
            <param index="1">
              <value>
                <![CDATA[3]]>
              </value>
            </param>
            <param index="2">
              <value>
                <![CDATA[1]]>
              </value>
            </param>
          </params>
          <reporter-output>
          </reporter-output>
        </test-method> <!-- testNegSub -->
        <test-method status="PASS" signature="testNegSub(long, long, long)[pri:0, instance:com.atm.xunit.hometask.runner.CalculatorTest@6fd02e5]" name="testNegSub" duration-ms="2" started-at="2017-06-13T18:18:19Z" data-provider="subNegInput" finished-at="2017-06-13T18:18:19Z">
          <params>
            <param index="0">
              <value>
                <![CDATA[15]]>
              </value>
            </param>
            <param index="1">
              <value>
                <![CDATA[3]]>
              </value>
            </param>
            <param index="2">
              <value>
                <![CDATA[9]]>
              </value>
            </param>
          </params>
          <reporter-output>
          </reporter-output>
        </test-method> <!-- testNegSub -->
        <test-method status="PASS" signature="testAdd(long, long, long)[pri:0, instance:com.atm.xunit.hometask.runner.CalculatorTest@6fd02e5]" name="testAdd" duration-ms="2" started-at="2017-06-13T18:18:19Z" data-provider="addInput" finished-at="2017-06-13T18:18:19Z">
          <params>
            <param index="0">
              <value>
                <![CDATA[2]]>
              </value>
            </param>
            <param index="1">
              <value>
                <![CDATA[2]]>
              </value>
            </param>
            <param index="2">
              <value>
                <![CDATA[4]]>
              </value>
            </param>
          </params>
          <reporter-output>
          </reporter-output>
        </test-method> <!-- testAdd -->
        <test-method status="PASS" signature="testAdd(long, long, long)[pri:0, instance:com.atm.xunit.hometask.runner.CalculatorTest@6fd02e5]" name="testAdd" duration-ms="1" started-at="2017-06-13T18:18:19Z" data-provider="addInput" finished-at="2017-06-13T18:18:19Z">
          <params>
            <param index="0">
              <value>
                <![CDATA[2]]>
              </value>
            </param>
            <param index="1">
              <value>
                <![CDATA[3]]>
              </value>
            </param>
            <param index="2">
              <value>
                <![CDATA[5]]>
              </value>
            </param>
          </params>
          <reporter-output>
          </reporter-output>
        </test-method> <!-- testAdd -->
        <test-method status="PASS" signature="testAdd(long, long, long)[pri:0, instance:com.atm.xunit.hometask.runner.CalculatorTest@6fd02e5]" name="testAdd" duration-ms="1" started-at="2017-06-13T18:18:19Z" data-provider="addInput" finished-at="2017-06-13T18:18:19Z">
          <params>
            <param index="0">
              <value>
                <![CDATA[5]]>
              </value>
            </param>
            <param index="1">
              <value>
                <![CDATA[3]]>
              </value>
            </param>
            <param index="2">
              <value>
                <![CDATA[8]]>
              </value>
            </param>
          </params>
          <reporter-output>
          </reporter-output>
        </test-method> <!-- testAdd -->
        <test-method status="FAIL" signature="testCosine()[pri:0, instance:com.atm.xunit.hometask.runner.CalculatorTest@6fd02e5]" name="testCosine" duration-ms="1" started-at="2017-06-13T18:18:19Z" finished-at="2017-06-13T18:18:19Z">
          <exception class="java.lang.AssertionError">
            <message>
              <![CDATA[expected [-0.4480736161291702] but found [0.8939966636005579]]]>
            </message>
            <full-stacktrace>
              <![CDATA[java.lang.AssertionError: expected [-0.4480736161291702] but found [0.8939966636005579]
	at org.testng.Assert.fail(Assert.java:94)
	at org.testng.Assert.failNotEquals(Assert.java:513)
	at org.testng.Assert.assertEqualsImpl(Assert.java:135)
	at org.testng.Assert.assertEquals(Assert.java:116)
	at org.testng.Assert.assertEquals(Assert.java:179)
	at com.atm.xunit.hometask.runner.CalculatorTest.testCosine(CalculatorTest.java:123)
	at sun.reflect.NativeMethodAccessorImpl.invoke0(Native Method)
	at sun.reflect.NativeMethodAccessorImpl.invoke(NativeMethodAccessorImpl.java:62)
	at sun.reflect.DelegatingMethodAccessorImpl.invoke(DelegatingMethodAccessorImpl.java:43)
	at java.lang.reflect.Method.invoke(Method.java:497)
	at org.testng.internal.MethodInvocationHelper.invokeMethod(MethodInvocationHelper.java:104)
	at org.testng.internal.Invoker.invokeMethod(Invoker.java:645)
	at org.testng.internal.Invoker.invokeTestMethod(Invoker.java:851)
	at org.testng.internal.Invoker.invokeTestMethods(Invoker.java:1177)
	at org.testng.internal.TestMethodWorker.invokeTestMethods(TestMethodWorker.java:129)
	at org.testng.internal.TestMethodWorker.run(TestMethodWorker.java:112)
	at java.util.concurrent.ThreadPoolExecutor.runWorker(ThreadPoolExecutor.java:1142)
	at java.util.concurrent.ThreadPoolExecutor$Worker.run(ThreadPoolExecutor.java:617)
	at java.lang.Thread.run(Thread.java:745)
]]>
            </full-stacktrace>
          </exception> <!-- java.lang.AssertionError -->
          <reporter-output>
          </reporter-output>
        </test-method> <!-- testCosine -->
        <test-method status="PASS" signature="testCosine(double, double)[pri:0, instance:com.atm.xunit.hometask.runner.CalculatorTest@6fd02e5]" name="testCosine" duration-ms="6" started-at="2017-06-13T18:18:19Z" data-provider="cosine" finished-at="2017-06-13T18:18:19Z">
          <params>
            <param index="0">
              <value>
                <![CDATA[45]]>
              </value>
            </param>
            <param index="1">
              <value>
                <![CDATA[0.70710678118]]>
              </value>
            </param>
          </params>
          <reporter-output>
          </reporter-output>
        </test-method> <!-- testCosine -->
        <test-method status="PASS" signature="testDiv(double, double, double)[pri:0, instance:com.atm.xunit.hometask.runner.CalculatorTest@6fd02e5]" name="testDiv" duration-ms="1" started-at="2017-06-13T18:18:19Z" data-provider="divideInput" finished-at="2017-06-13T18:18:19Z">
          <params>
            <param index="0">
              <value>
                <![CDATA[4]]>
              </value>
            </param>
            <param index="1">
              <value>
                <![CDATA[2]]>
              </value>
            </param>
            <param index="2">
              <value>
                <![CDATA[2]]>
              </value>
            </param>
          </params>
          <reporter-output>
          </reporter-output>
        </test-method> <!-- testDiv -->
        <test-method status="PASS" signature="testDiv(double, double, double)[pri:0, instance:com.atm.xunit.hometask.runner.CalculatorTest@6fd02e5]" name="testDiv" duration-ms="0" started-at="2017-06-13T18:18:19Z" data-provider="divideInput" finished-at="2017-06-13T18:18:19Z">
          <params>
            <param index="0">
              <value>
                <![CDATA[6]]>
              </value>
            </param>
            <param index="1">
              <value>
                <![CDATA[3]]>
              </value>
            </param>
            <param index="2">
              <value>
                <![CDATA[2]]>
              </value>
            </param>
          </params>
          <reporter-output>
          </reporter-output>
        </test-method> <!-- testDiv -->
        <test-method status="PASS" signature="testDiv(double, double, double)[pri:0, instance:com.atm.xunit.hometask.runner.CalculatorTest@6fd02e5]" name="testDiv" duration-ms="0" started-at="2017-06-13T18:18:19Z" data-provider="divideInput" finished-at="2017-06-13T18:18:19Z">
          <params>
            <param index="0">
              <value>
                <![CDATA[15]]>
              </value>
            </param>
            <param index="1">
              <value>
                <![CDATA[3]]>
              </value>
            </param>
            <param index="2">
              <value>
                <![CDATA[5]]>
              </value>
            </param>
          </params>
          <reporter-output>
          </reporter-output>
        </test-method> <!-- testDiv -->
        <test-method status="PASS" signature="testMul(long, long, long)[pri:0, instance:com.atm.xunit.hometask.runner.CalculatorTest@6fd02e5]" name="testMul" duration-ms="0" started-at="2017-06-13T18:18:19Z" data-provider="mulInput" finished-at="2017-06-13T18:18:19Z">
          <params>
            <param index="0">
              <value>
                <![CDATA[4]]>
              </value>
            </param>
            <param index="1">
              <value>
                <![CDATA[2]]>
              </value>
            </param>
            <param index="2">
              <value>
                <![CDATA[8]]>
              </value>
            </param>
          </params>
          <reporter-output>
          </reporter-output>
        </test-method> <!-- testMul -->
        <test-method status="PASS" signature="testMul(long, long, long)[pri:0, instance:com.atm.xunit.hometask.runner.CalculatorTest@6fd02e5]" name="testMul" duration-ms="1" started-at="2017-06-13T18:18:19Z" data-provider="mulInput" finished-at="2017-06-13T18:18:19Z">
          <params>
            <param index="0">
              <value>
                <![CDATA[5]]>
              </value>
            </param>
            <param index="1">
              <value>
                <![CDATA[3]]>
              </value>
            </param>
            <param index="2">
              <value>
                <![CDATA[15]]>
              </value>
            </param>
          </params>
          <reporter-output>
          </reporter-output>
        </test-method> <!-- testMul -->
        <test-method status="PASS" signature="testCosine(double, double)[pri:0, instance:com.atm.xunit.hometask.runner.CalculatorTest@6fd02e5]" name="testCosine" duration-ms="1" started-at="2017-06-13T18:18:19Z" data-provider="cosine" finished-at="2017-06-13T18:18:19Z">
          <params>
            <param index="0">
              <value>
                <![CDATA[90]]>
              </value>
            </param>
            <param index="1">
              <value>
                <![CDATA[0]]>
              </value>
            </param>
          </params>
          <reporter-output>
          </reporter-output>
        </test-method> <!-- testCosine -->
        <test-method status="PASS" signature="testMul(long, long, long)[pri:0, instance:com.atm.xunit.hometask.runner.CalculatorTest@6fd02e5]" name="testMul" duration-ms="0" started-at="2017-06-13T18:18:19Z" data-provider="mulInput" finished-at="2017-06-13T18:18:19Z">
          <params>
            <param index="0">
              <value>
                <![CDATA[6]]>
              </value>
            </param>
            <param index="1">
              <value>
                <![CDATA[3]]>
              </value>
            </param>
            <param index="2">
              <value>
                <![CDATA[18]]>
              </value>
            </param>
          </params>
          <reporter-output>
          </reporter-output>
        </test-method> <!-- testMul -->
        <test-method status="PASS" signature="testNegAdd(long, long, long)[pri:0, instance:com.atm.xunit.hometask.runner.CalculatorTest@6fd02e5]" name="testNegAdd" duration-ms="1" started-at="2017-06-13T18:18:19Z" data-provider="addNegInput" finished-at="2017-06-13T18:18:19Z">
          <params>
            <param index="0">
              <value>
                <![CDATA[2]]>
              </value>
            </param>
            <param index="1">
              <value>
                <![CDATA[2]]>
              </value>
            </param>
            <param index="2">
              <value>
                <![CDATA[5]]>
              </value>
            </param>
          </params>
          <reporter-output>
          </reporter-output>
        </test-method> <!-- testNegAdd -->
        <test-method status="PASS" signature="testNegMul(long, long, long)[pri:0, instance:com.atm.xunit.hometask.runner.CalculatorTest@6fd02e5]" name="testNegMul" duration-ms="1" started-at="2017-06-13T18:18:19Z" data-provider="mulNegInput" finished-at="2017-06-13T18:18:19Z">
          <params>
            <param index="0">
              <value>
                <![CDATA[2]]>
              </value>
            </param>
            <param index="1">
              <value>
                <![CDATA[2]]>
              </value>
            </param>
            <param index="2">
              <value>
                <![CDATA[41]]>
              </value>
            </param>
          </params>
          <reporter-output>
          </reporter-output>
        </test-method> <!-- testNegMul -->
        <test-method status="PASS" signature="testNegAdd(long, long, long)[pri:0, instance:com.atm.xunit.hometask.runner.CalculatorTest@6fd02e5]" name="testNegAdd" duration-ms="6" started-at="2017-06-13T18:18:19Z" data-provider="addNegInput" finished-at="2017-06-13T18:18:19Z">
          <params>
            <param index="0">
              <value>
                <![CDATA[2]]>
              </value>
            </param>
            <param index="1">
              <value>
                <![CDATA[3]]>
              </value>
            </param>
            <param index="2">
              <value>
                <![CDATA[6]]>
              </value>
            </param>
          </params>
          <reporter-output>
          </reporter-output>
        </test-method> <!-- testNegAdd -->
        <test-method status="PASS" signature="testNegMul(long, long, long)[pri:0, instance:com.atm.xunit.hometask.runner.CalculatorTest@6fd02e5]" name="testNegMul" duration-ms="0" started-at="2017-06-13T18:18:19Z" data-provider="mulNegInput" finished-at="2017-06-13T18:18:19Z">
          <params>
            <param index="0">
              <value>
                <![CDATA[12]]>
              </value>
            </param>
            <param index="1">
              <value>
                <![CDATA[3]]>
              </value>
            </param>
            <param index="2">
              <value>
                <![CDATA[111]]>
              </value>
            </param>
          </params>
          <reporter-output>
          </reporter-output>
        </test-method> <!-- testNegMul -->
        <test-method status="PASS" signature="testNegMul(long, long, long)[pri:0, instance:com.atm.xunit.hometask.runner.CalculatorTest@6fd02e5]" name="testNegMul" duration-ms="1" started-at="2017-06-13T18:18:19Z" data-provider="mulNegInput" finished-at="2017-06-13T18:18:19Z">
          <params>
            <param index="0">
              <value>
                <![CDATA[115]]>
              </value>
            </param>
            <param index="1">
              <value>
                <![CDATA[3]]>
              </value>
            </param>
            <param index="2">
              <value>
                <![CDATA[91]]>
              </value>
            </param>
          </params>
          <reporter-output>
          </reporter-output>
        </test-method> <!-- testNegMul -->
        <test-method status="PASS" signature="testNegSqrt(double, double)[pri:0, instance:com.atm.xunit.hometask.runner.CalculatorTest@6fd02e5]" name="testNegSqrt" duration-ms="2" started-at="2017-06-13T18:18:19Z" data-provider="sqrtNegInput" finished-at="2017-06-13T18:18:19Z">
          <params>
            <param index="0">
              <value>
                <![CDATA[-4]]>
              </value>
            </param>
            <param index="1">
              <value>
                <![CDATA[12]]>
              </value>
            </param>
          </params>
          <reporter-output>
          </reporter-output>
        </test-method> <!-- testNegSqrt -->
        <test-method status="PASS" signature="testNegAdd(long, long, long)[pri:0, instance:com.atm.xunit.hometask.runner.CalculatorTest@6fd02e5]" name="testNegAdd" duration-ms="5" started-at="2017-06-13T18:18:19Z" data-provider="addNegInput" finished-at="2017-06-13T18:18:19Z">
          <params>
            <param index="0">
              <value>
                <![CDATA[5]]>
              </value>
            </param>
            <param index="1">
              <value>
                <![CDATA[3]]>
              </value>
            </param>
            <param index="2">
              <value>
                <![CDATA[9]]>
              </value>
            </param>
          </params>
          <reporter-output>
          </reporter-output>
        </test-method> <!-- testNegAdd -->
        <test-method status="PASS" signature="testNegSqrt(double, double)[pri:0, instance:com.atm.xunit.hometask.runner.CalculatorTest@6fd02e5]" name="testNegSqrt" duration-ms="2" started-at="2017-06-13T18:18:19Z" data-provider="sqrtNegInput" finished-at="2017-06-13T18:18:19Z">
          <params>
            <param index="0">
              <value>
                <![CDATA[-16]]>
              </value>
            </param>
            <param index="1">
              <value>
                <![CDATA[45]]>
              </value>
            </param>
          </params>
          <reporter-output>
          </reporter-output>
        </test-method> <!-- testNegSqrt -->
        <test-method status="PASS" signature="testNegSqrt(double, double)[pri:0, instance:com.atm.xunit.hometask.runner.CalculatorTest@6fd02e5]" name="testNegSqrt" duration-ms="2" started-at="2017-06-13T18:18:19Z" data-provider="sqrtNegInput" finished-at="2017-06-13T18:18:19Z">
          <params>
            <param index="0">
              <value>
                <![CDATA[-181]]>
              </value>
            </param>
            <param index="1">
              <value>
                <![CDATA[97]]>
              </value>
            </param>
          </params>
          <reporter-output>
          </reporter-output>
        </test-method> <!-- testNegSqrt -->
        <test-method status="FAIL" signature="testTangens()[pri:0, instance:com.atm.xunit.hometask.runner.CalculatorTest@6fd02e5]" name="testTangens" duration-ms="5" started-at="2017-06-13T18:18:19Z" finished-at="2017-06-13T18:18:19Z">
          <exception class="java.lang.AssertionError">
            <message>
              <![CDATA[expected [1.6197751905438615] but found [1.0]]]>
            </message>
            <full-stacktrace>
              <![CDATA[java.lang.AssertionError: expected [1.6197751905438615] but found [1.0]
	at org.testng.Assert.fail(Assert.java:94)
	at org.testng.Assert.failNotEquals(Assert.java:513)
	at org.testng.Assert.assertEqualsImpl(Assert.java:135)
	at org.testng.Assert.assertEquals(Assert.java:116)
	at org.testng.Assert.assertEquals(Assert.java:179)
	at com.atm.xunit.hometask.runner.CalculatorTest.testTangens(CalculatorTest.java:114)
	at sun.reflect.NativeMethodAccessorImpl.invoke0(Native Method)
	at sun.reflect.NativeMethodAccessorImpl.invoke(NativeMethodAccessorImpl.java:62)
	at sun.reflect.DelegatingMethodAccessorImpl.invoke(DelegatingMethodAccessorImpl.java:43)
	at java.lang.reflect.Method.invoke(Method.java:497)
	at org.testng.internal.MethodInvocationHelper.invokeMethod(MethodInvocationHelper.java:104)
	at org.testng.internal.Invoker.invokeMethod(Invoker.java:645)
	at org.testng.internal.Invoker.invokeTestMethod(Invoker.java:851)
	at org.testng.internal.Invoker.invokeTestMethods(Invoker.java:1177)
	at org.testng.internal.TestMethodWorker.invokeTestMethods(TestMethodWorker.java:129)
	at org.testng.internal.TestMethodWorker.run(TestMethodWorker.java:112)
	at java.util.concurrent.ThreadPoolExecutor.runWorker(ThreadPoolExecutor.java:1142)
	at java.util.concurrent.ThreadPoolExecutor$Worker.run(ThreadPoolExecutor.java:617)
	at java.lang.Thread.run(Thread.java:745)
]]>
            </full-stacktrace>
          </exception> <!-- java.lang.AssertionError -->
          <reporter-output>
          </reporter-output>
        </test-method> <!-- testTangens -->
        <test-method status="PASS" signature="testSub(long, long, long)[pri:0, instance:com.atm.xunit.hometask.runner.CalculatorTest@6fd02e5]" name="testSub" duration-ms="2" started-at="2017-06-13T18:18:19Z" data-provider="subInput" finished-at="2017-06-13T18:18:19Z">
          <params>
            <param index="0">
              <value>
                <![CDATA[4]]>
              </value>
            </param>
            <param index="1">
              <value>
                <![CDATA[2]]>
              </value>
            </param>
            <param index="2">
              <value>
                <![CDATA[2]]>
              </value>
            </param>
          </params>
          <reporter-output>
          </reporter-output>
        </test-method> <!-- testSub -->
        <test-method status="PASS" signature="testSub(long, long, long)[pri:0, instance:com.atm.xunit.hometask.runner.CalculatorTest@6fd02e5]" name="testSub" duration-ms="1" started-at="2017-06-13T18:18:19Z" data-provider="subInput" finished-at="2017-06-13T18:18:19Z">
          <params>
            <param index="0">
              <value>
                <![CDATA[5]]>
              </value>
            </param>
            <param index="1">
              <value>
                <![CDATA[3]]>
              </value>
            </param>
            <param index="2">
              <value>
                <![CDATA[2]]>
              </value>
            </param>
          </params>
          <reporter-output>
          </reporter-output>
        </test-method> <!-- testSub -->
        <test-method status="PASS" signature="testSub(long, long, long)[pri:0, instance:com.atm.xunit.hometask.runner.CalculatorTest@6fd02e5]" name="testSub" duration-ms="2" started-at="2017-06-13T18:18:19Z" data-provider="subInput" finished-at="2017-06-13T18:18:19Z">
          <params>
            <param index="0">
              <value>
                <![CDATA[6]]>
              </value>
            </param>
            <param index="1">
              <value>
                <![CDATA[3]]>
              </value>
            </param>
            <param index="2">
              <value>
                <![CDATA[3]]>
              </value>
            </param>
          </params>
          <reporter-output>
          </reporter-output>
        </test-method> <!-- testSub -->
        <test-method status="PASS" signature="testTangent(double, double)[pri:0, instance:com.atm.xunit.hometask.runner.CalculatorTest@6fd02e5]" name="testTangent" duration-ms="1" depends-on-groups="cosine" started-at="2017-06-13T18:18:19Z" data-provider="tangent" finished-at="2017-06-13T18:18:19Z">
          <params>
            <param index="0">
              <value>
                <![CDATA[0]]>
              </value>
            </param>
            <param index="1">
              <value>
                <![CDATA[0]]>
              </value>
            </param>
          </params>
          <reporter-output>
          </reporter-output>
        </test-method> <!-- testTangent -->
        <test-method status="PASS" signature="testTangent(double, double)[pri:0, instance:com.atm.xunit.hometask.runner.CalculatorTest@6fd02e5]" name="testTangent" duration-ms="1" depends-on-groups="cosine" started-at="2017-06-13T18:18:19Z" data-provider="tangent" finished-at="2017-06-13T18:18:19Z">
          <params>
            <param index="0">
              <value>
                <![CDATA[45]]>
              </value>
            </param>
            <param index="1">
              <value>
                <![CDATA[1]]>
              </value>
            </param>
          </params>
          <reporter-output>
          </reporter-output>
        </test-method> <!-- testTangent -->
        <test-method status="PASS" signature="testTangent(double, double)[pri:0, instance:com.atm.xunit.hometask.runner.CalculatorTest@6fd02e5]" name="testTangent" duration-ms="0" depends-on-groups="cosine" started-at="2017-06-13T18:18:19Z" data-provider="tangent" finished-at="2017-06-13T18:18:19Z">
          <params>
            <param index="0">
              <value>
                <![CDATA[60]]>
              </value>
            </param>
            <param index="1">
              <value>
                <![CDATA[1.73205080757]]>
              </value>
            </param>
          </params>
          <reporter-output>
          </reporter-output>
        </test-method> <!-- testTangent -->
        <test-method status="PASS" signature="tearDown()[pri:0, instance:com.atm.xunit.hometask.runner.CalculatorTest@6fd02e5]" name="tearDown" is-config="true" duration-ms="0" started-at="2017-06-13T18:18:19Z" finished-at="2017-06-13T18:18:19Z">
          <reporter-output>
          </reporter-output>
        </test-method> <!-- tearDown -->
      </class> <!-- com.atm.xunit.hometask.runner.CalculatorTest -->
    </test> <!-- CalculatorTest -->
  </suite> <!-- Suite1 -->
</testng-results>
